d:\c++\c++大作业\大作业2\pac-man\pac-man\release\pac-man.pch
d:\c++\c++大作业\大作业2\pac-man\pac-man\release\vc141.pdb
d:\c++\c++大作业\大作业2\pac-man\pac-man\release\stdafx.obj
d:\c++\c++大作业\大作业2\pac-man\pac-man\release\pac-man.obj
d:\c++\c++大作业\大作业2\pac-man\pac-man\release\gmap.obj
d:\c++\c++大作业\大作业2\pac-man\pac-man\release\gobject.obj
d:\c++\c++大作业\大作业2\pac-man\release\pac-man.exe
d:\c++\c++大作业\大作业2\pac-man\release\pac-man.pdb
d:\c++\c++大作业\大作业2\pac-man\release\pac-man.ipdb
d:\c++\c++大作业\大作业2\pac-man\release\pac-man.iobj
d:\c++\c++大作业\大作业2\pac-man\pac-man\release\pac-man.res
d:\c++\c++大作业\大作业2\pac-man\pac-man\release\pac-man.tlog\cl.command.1.tlog
d:\c++\c++大作业\大作业2\pac-man\pac-man\release\pac-man.tlog\cl.read.1.tlog
d:\c++\c++大作业\大作业2\pac-man\pac-man\release\pac-man.tlog\cl.write.1.tlog
d:\c++\c++大作业\大作业2\pac-man\pac-man\release\pac-man.tlog\link.command.1.tlog
d:\c++\c++大作业\大作业2\pac-man\pac-man\release\pac-man.tlog\link.read.1.tlog
d:\c++\c++大作业\大作业2\pac-man\pac-man\release\pac-man.tlog\link.write.1.tlog
d:\c++\c++大作业\大作业2\pac-man\pac-man\release\pac-man.tlog\pac-man.write.1u.tlog
d:\c++\c++大作业\大作业2\pac-man\pac-man\release\pac-man.tlog\rc.command.1.tlog
d:\c++\c++大作业\大作业2\pac-man\pac-man\release\pac-man.tlog\rc.read.1.tlog
d:\c++\c++大作业\大作业2\pac-man\pac-man\release\pac-man.tlog\rc.write.1.tlog
