d:\c++文件\c++大作业\大作业2\pac-man\pac-man\debug\pac-man.pch
d:\c++文件\c++大作业\大作业2\pac-man\pac-man\debug\vc141.pdb
d:\c++文件\c++大作业\大作业2\pac-man\pac-man\debug\vc141.idb
d:\c++文件\c++大作业\大作业2\pac-man\pac-man\debug\stdafx.obj
d:\c++文件\c++大作业\大作业2\pac-man\pac-man\debug\pac-man.obj
d:\c++文件\c++大作业\大作业2\pac-man\pac-man\debug\gobject.obj
d:\c++文件\c++大作业\大作业2\pac-man\pac-man\debug\gmap.obj
d:\c++文件\c++大作业\大作业2\pac-man\debug\pac-man.exe
d:\c++文件\c++大作业\大作业2\pac-man\debug\pac-man.ilk
d:\c++文件\c++大作业\大作业2\pac-man\debug\pac-man.pdb
d:\c++文件\c++大作业\大作业2\pac-man\pac-man\debug\pac-man.res
d:\c++文件\c++大作业\大作业2\pac-man\pac-man\debug\pac-man.tlog\cl.command.1.tlog
d:\c++文件\c++大作业\大作业2\pac-man\pac-man\debug\pac-man.tlog\cl.read.1.tlog
d:\c++文件\c++大作业\大作业2\pac-man\pac-man\debug\pac-man.tlog\cl.write.1.tlog
d:\c++文件\c++大作业\大作业2\pac-man\pac-man\debug\pac-man.tlog\link.command.1.tlog
d:\c++文件\c++大作业\大作业2\pac-man\pac-man\debug\pac-man.tlog\link.read.1.tlog
d:\c++文件\c++大作业\大作业2\pac-man\pac-man\debug\pac-man.tlog\link.write.1.tlog
d:\c++文件\c++大作业\大作业2\pac-man\pac-man\debug\pac-man.tlog\rc.command.1.tlog
d:\c++文件\c++大作业\大作业2\pac-man\pac-man\debug\pac-man.tlog\rc.read.1.tlog
d:\c++文件\c++大作业\大作业2\pac-man\pac-man\debug\pac-man.tlog\rc.write.1.tlog
